<testsuites name="jest tests" tests="33" failures="0" time="3.671">
  <testsuite name="/service/customerAudit/logAdded" errors="0" failures="0" skipped="0" timestamp="2019-05-07T04:34:37" time="0.78" tests="2">
    <testcase classname="/service/customerAudit/logAdded should return inserted data with currentInformation" name="/service/customerAudit/logAdded should return inserted data with currentInformation" time="0.014">
    </testcase>
    <testcase classname="/service/customerAudit/logAdded should throw error when there is no customer id" name="/service/customerAudit/logAdded should throw error when there is no customer id" time="0.004">
    </testcase>
  </testsuite>
  <testsuite name="/service/inventory/dispatchPrice" errors="0" failures="0" skipped="0" timestamp="2019-05-07T04:34:38" time="0.198" tests="2">
    <testcase classname="/service/inventory/dispatchPrice should return deposited price for each item and shipment price" name="/service/inventory/dispatchPrice should return deposited price for each item and shipment price" time="0.006">
    </testcase>
    <testcase classname="/service/inventory/dispatch should return dispatch receipt number and net amount" name="/service/inventory/dispatch should return dispatch receipt number and net amount" time="0.022">
    </testcase>
  </testsuite>
  <testsuite name="/service/pricing/calculateInventoryDeposited" errors="0" failures="0" skipped="0" timestamp="2019-05-07T04:34:37" time="1.047" tests="4">
    <testcase classname="/service/pricing/calculateInventoryDeposited should return Supplementary Food price for 5 days" name="/service/pricing/calculateInventoryDeposited should return Supplementary Food price for 5 days" time="0.034">
    </testcase>
    <testcase classname="/service/pricing/calculateInventoryDeposited should return Clothes by weight price for 4 days" name="/service/pricing/calculateInventoryDeposited should return Clothes by weight price for 4 days" time="0.004">
    </testcase>
    <testcase classname="/service/pricing/calculateInventoryDeposited should return Clothes by charter price for 3 days" name="/service/pricing/calculateInventoryDeposited should return Clothes by charter price for 3 days" time="0.003">
    </testcase>
    <testcase classname="/service/pricing/calculateInventoryDeposited should return Others type price for 6 days" name="/service/pricing/calculateInventoryDeposited should return Others type price for 6 days" time="0.002">
    </testcase>
  </testsuite>
  <testsuite name="/util/datetime/toStartOfUnit" errors="0" failures="0" skipped="0" timestamp="2019-05-07T04:34:38" time="0.16" tests="6">
    <testcase classname="/util/datetime/toStartOfUnit should return date with start day time when input JS format" name="/util/datetime/toStartOfUnit should return date with start day time when input JS format" time="0.006">
    </testcase>
    <testcase classname="/util/datetime/toStartOfUnit should return date with start day time when input JS format" name="/util/datetime/toStartOfUnit should return date with start day time when input JS format" time="0.002">
    </testcase>
    <testcase classname="/util/datetime/toEndOfUnit should return date with end day time when input JS format" name="/util/datetime/toEndOfUnit should return date with end day time when input JS format" time="0.002">
    </testcase>
    <testcase classname="/util/datetime/toEndOfUnit should return date with end day time when input JS format" name="/util/datetime/toEndOfUnit should return date with end day time when input JS format" time="0.001">
    </testcase>
    <testcase classname="/util/datetime/diffDateInUnit should return day preiod that does not care about time" name="/util/datetime/diffDateInUnit should return day preiod that does not care about time" time="0.002">
    </testcase>
    <testcase classname="/util/datetime/diffDateInUnit should return month preiod that does not care about time" name="/util/datetime/diffDateInUnit should return month preiod that does not care about time" time="0.001">
    </testcase>
  </testsuite>
  <testsuite name="/service/customer/findByPkOrCreate" errors="0" failures="0" skipped="0" timestamp="2019-05-07T04:34:38" time="0.173" tests="3">
    <testcase classname="/service/customer/findByPkOrCreate should return EXIST customer" name="/service/customer/findByPkOrCreate should return EXIST customer" time="0.018">
    </testcase>
    <testcase classname="/service/customer/findByPkOrCreate should return NEW customer" name="/service/customer/findByPkOrCreate should return NEW customer" time="0.003">
    </testcase>
    <testcase classname="/service/customer/create should return NEW customer" name="/service/customer/create should return NEW customer" time="0.002">
    </testcase>
  </testsuite>
  <testsuite name="/service/inventoryAudit/logAdded" errors="0" failures="0" skipped="0" timestamp="2019-05-07T04:34:38" time="0.185" tests="4">
    <testcase classname="/service/inventoryAudit/logAdded should return insert audit log with action ADDED" name="/service/inventoryAudit/logAdded should return insert audit log with action ADDED" time="0.007">
    </testcase>
    <testcase classname="/service/inventoryAudit/logAdded should do nothing when there is no inventory data" name="/service/inventoryAudit/logAdded should do nothing when there is no inventory data" time="0.001">
    </testcase>
    <testcase classname="/service/inventoryAudit/logUpdated should return insert audit log with action UPDATED, status DISPATCHED" name="/service/inventoryAudit/logUpdated should return insert audit log with action UPDATED, status DISPATCHED" time="0.003">
    </testcase>
    <testcase classname="/service/inventoryAudit/logUpdated should do nothing when there is no inventory data" name="/service/inventoryAudit/logUpdated should do nothing when there is no inventory data" time="0.002">
    </testcase>
  </testsuite>
  <testsuite name="/service/inventory/deposit" errors="0" failures="0" skipped="0" timestamp="2019-05-07T04:34:38" time="0.218" tests="2">
    <testcase classname="/service/inventory/deposit should deposited inventory with EXIST customer correctly" name="/service/inventory/deposit should deposited inventory with EXIST customer correctly" time="0.015">
    </testcase>
    <testcase classname="/service/inventory/deposit should deposited inventory with NEW customer correctly" name="/service/inventory/deposit should deposited inventory with NEW customer correctly" time="0.004">
    </testcase>
  </testsuite>
  <testsuite name="/service/depositReceipt/generateDispatchReceiptNumber" errors="0" failures="0" skipped="0" timestamp="2019-05-07T04:34:37" time="1.54" tests="6">
    <testcase classname="/service/depositReceipt/generateDispatchReceiptNumber should return dispatch receipt number 10 digits" name="/service/depositReceipt/generateDispatchReceiptNumber should return dispatch receipt number 10 digits" time="0.004">
    </testcase>
    <testcase classname="/service/depositReceipt/generateDispatchReceiptNumber should return dispatch receipt number contain only character and number" name="/service/depositReceipt/generateDispatchReceiptNumber should return dispatch receipt number contain only character and number" time="0">
    </testcase>
    <testcase classname="/service/depositReceipt/generateDispatchReceiptNumber should return dispatch receipt number NOT contain any special character" name="/service/depositReceipt/generateDispatchReceiptNumber should return dispatch receipt number NOT contain any special character" time="0.001">
    </testcase>
    <testcase classname="/service/depositReceipt/generateDispatchReceiptNumber should return dispatch receipt number NOT contain lower character" name="/service/depositReceipt/generateDispatchReceiptNumber should return dispatch receipt number NOT contain lower character" time="0">
    </testcase>
    <testcase classname="/service/depositReceipt/updatePaid should return deposite receipt with payment reference" name="/service/depositReceipt/updatePaid should return deposite receipt with payment reference" time="0.008">
    </testcase>
    <testcase classname="/service/depositReceipt/updatePaid should throw error when dispatch reciept number does not exist" name="/service/depositReceipt/updatePaid should throw error when dispatch reciept number does not exist" time="0.003">
    </testcase>
  </testsuite>
  <testsuite name="/service/depositReceipt/generateDepositReceiptNumber" errors="0" failures="0" skipped="0" timestamp="2019-05-07T04:34:39" time="0.125" tests="4">
    <testcase classname="/service/depositReceipt/generateDepositReceiptNumber should return deposite receipt number 10 digits" name="/service/depositReceipt/generateDepositReceiptNumber should return deposite receipt number 10 digits" time="0.003">
    </testcase>
    <testcase classname="/service/depositReceipt/generateDepositReceiptNumber should return deposite receipt number contain only character and number" name="/service/depositReceipt/generateDepositReceiptNumber should return deposite receipt number contain only character and number" time="0">
    </testcase>
    <testcase classname="/service/depositReceipt/generateDepositReceiptNumber should return deposite receipt number NOT contain any special character" name="/service/depositReceipt/generateDepositReceiptNumber should return deposite receipt number NOT contain any special character" time="0">
    </testcase>
    <testcase classname="/service/depositReceipt/generateDepositReceiptNumber should return deposite receipt number NOT contain lower character" name="/service/depositReceipt/generateDepositReceiptNumber should return deposite receipt number NOT contain lower character" time="0.001">
    </testcase>
  </testsuite>
</testsuites>